<?xml version="1.0" encoding="UTF-8"?>
<testng-results ignored="0" total="1" passed="1" failed="0" skipped="0">
  <reporter-output>
  </reporter-output>
  <suite started-at="2025-09-19T17:00:20 IST" name="Suite" finished-at="2025-09-19T17:00:51 IST" duration-ms="30957">
    <groups>
    </groups>
    <test started-at="2025-09-19T17:00:20 IST" name="Test" finished-at="2025-09-19T17:00:51 IST" duration-ms="30957">
      <class name="tests.LoginTest">
        <test-method is-config="true" signature="setUp()[pri:0, instance:tests.LoginTest@a43ce46]" started-at="2025-09-19T17:00:20 IST" name="setUp" finished-at="2025-09-19T17:00:49 IST" duration-ms="28818" status="PASS">
          <reporter-output>
          </reporter-output>
        </test-method> <!-- setUp -->
        <test-method signature="Login()[pri:0, instance:tests.LoginTest@a43ce46]" started-at="2025-09-19T17:00:49 IST" name="Login" finished-at="2025-09-19T17:00:50 IST" duration-ms="424" status="PASS">
          <reporter-output>
          </reporter-output>
        </test-method> <!-- Login -->
        <test-method is-config="true" signature="teardown()[pri:0, instance:tests.LoginTest@a43ce46]" started-at="2025-09-19T17:00:50 IST" name="teardown" finished-at="2025-09-19T17:00:51 IST" duration-ms="1080" status="PASS">
          <reporter-output>
          </reporter-output>
        </test-method> <!-- teardown -->
      </class> <!-- tests.LoginTest -->
    </test> <!-- Test -->
  </suite> <!-- Suite -->
</testng-results>
