<?xml version="1.0" encoding="UTF-8"?>
<testng-results ignored="0" total="1" passed="1" failed="0" skipped="0">
  <reporter-output>
  </reporter-output>
  <suite started-at="2025-09-19T15:57:25 IST" name="Default suite" finished-at="2025-09-19T15:57:38 IST" duration-ms="13796">
    <groups>
    </groups>
    <test started-at="2025-09-19T15:57:25 IST" name="Default test" finished-at="2025-09-19T15:57:38 IST" duration-ms="13796">
      <class name="tests.LoginTest">
        <test-method is-config="true" signature="setUp()[pri:0, instance:tests.LoginTest@45815ffc]" started-at="2025-09-19T15:57:25 IST" name="setUp" finished-at="2025-09-19T15:57:32 IST" duration-ms="7558" status="PASS">
          <reporter-output>
          </reporter-output>
        </test-method> <!-- setUp -->
        <test-method signature="Login()[pri:0, instance:tests.LoginTest@45815ffc]" started-at="2025-09-19T15:57:32 IST" name="Login" finished-at="2025-09-19T15:57:37 IST" duration-ms="4822" status="PASS">
          <reporter-output>
          </reporter-output>
        </test-method> <!-- Login -->
        <test-method is-config="true" signature="teardown()[pri:0, instance:tests.LoginTest@45815ffc]" started-at="2025-09-19T15:57:37 IST" name="teardown" finished-at="2025-09-19T15:57:38 IST" duration-ms="1123" status="PASS">
          <reporter-output>
          </reporter-output>
        </test-method> <!-- teardown -->
      </class> <!-- tests.LoginTest -->
    </test> <!-- Default test -->
  </suite> <!-- Default suite -->
</testng-results>
